2.500000 128.36 46 1452 131.33 1.00 19510 152 30.40 
7.500000 1039.54 46 1500 673.78 0.08 48203652 46370 9274.00 
12.500000 1055.05 40 1500 667.88 0.14 58557584 55502 11100.40 
17.500000 1122.82 40 1500 635.31 0.21 58895112 52453 10490.60 
22.500000 1137.69 46 2948 627.02 0.27 58847116 51725 10345.00 
27.500000 1103.90 40 1500 645.27 0.33 57371652 51972 10394.40 
32.500000 1105.78 28 2948 644.34 0.38 55590627 50273 10054.60 
37.500000 1108.07 28 2948 643.11 0.41 47835453 43170 8634.00 
42.500000 1094.70 40 1500 649.23 0.45 49017470 44777 8955.40 
47.500000 1106.60 40 1500 642.90 0.46 37976451 34318 6863.60 
52.500000 1107.82 40 1500 642.63 0.47 37008799 33407 6681.40 
57.500000 1098.24 40 2948 644.69 0.51 52970278 48232 9646.40 
62.500000 1139.94 40 1557 624.06 0.54 50837695 44597 8919.40 
67.500000 1132.53 40 2960 629.26 0.57 53124490 46908 9381.60 
72.500000 1116.24 28 2948 638.00 0.60 55918157 50095 10019.00 
77.500000 1090.14 40 1500 650.96 0.62 50572851 46391 9278.20 
82.500000 1068.77 40 1500 660.46 0.64 51713571 48386 9677.20 
87.500000 1065.37 40 1540 662.39 0.67 58705222 55103 11020.60 
92.500000 1093.89 28 1500 649.39 0.66 32795818 29981 5996.20 
97.500000 1081.64 28 1500 655.25 0.67 46564545 43050 8610.00 
102.500000 1079.81 40 2948 656.40 0.69 59913340 55485 11097.00 
107.500000 1112.13 40 1500 640.55 0.71 59332297 53350 10670.00 
112.500000 1163.10 40 2948 611.91 0.67 16635889 14303 2860.60 
