2.500000 0 0 18 17 0 1.00 2100.80
7.500000 0 0 0 0 0 0.92 0.00
12.500000 0 0 4 4 0 0.86 406.40
17.500000 0 0 6 6 0 0.82 649.60
22.500000 0 0 0 0 0 0.75 0.00
27.500000 0 0 17 17 0 0.77 1971.20
32.500000 0 0 0 0 0 0.71 0.00
37.500000 0 0 1 0 0 0.65 52.80
42.500000 0 0 1 0 0 0.60 48.00
47.500000 0 0 0 0 0 0.55 0.00
52.500000 0 0 0 0 0 0.51 0.00
57.500000 0 0 1 0 0 0.47 54.40
62.500000 0 0 1 0 0 0.43 49.60
67.500000 0 0 2 0 0 0.40 108.80
72.500000 0 0 0 0 0 0.37 0.00
77.500000 0 0 0 0 0 0.34 0.00
82.500000 0 0 17 17 0 0.39 2019.20
87.500000 0 0 0 0 0 0.36 0.00
92.500000 0 0 0 0 0 0.33 0.00
97.500000 0 0 0 0 0 0.30 0.00
102.500000 0 0 0 0 0 0.28 0.00
107.500000 0 0 0 0 0 0.26 0.00
112.500000 0 0 0 0 0 0.24 0.00
117.500000 0 0 0 0 0 0.22 0.00
122.500000 0 0 0 0 0 0.20 0.00
127.500000 0 0 0 0 0 0.18 0.00
132.500000 0 0 3 3 0 0.18 347.20
137.500000 0 0 0 0 0 0.17 0.00
142.500000 0 0 3 3 0 0.17 339.20
147.500000 0 0 0 0 0 0.15 0.00
152.500000 0 0 0 0 0 0.14 0.00
157.500000 0 0 0 0 0 0.13 0.00
162.500000 0 0 0 0 0 0.12 0.00
167.500000 0 0 3 3 0 0.12 302.40
172.500000 0 0 3 3 0 0.12 321.60
177.500000 0 0 3 3 0 0.13 324.80
182.500000 0 0 0 0 0 0.12 0.00
187.500000 0 0 3 3 0 0.12 350.40
192.500000 0 0 0 0 0 0.11 0.00
197.500000 0 0 3 3 0 0.11 310.40
202.500000 0 0 0 0 0 0.11 0.00
207.500000 0 0 3 3 0 0.11 368.00
212.500000 0 0 0 0 0 0.10 0.00
217.500000 0 0 0 0 0 0.09 0.00
222.500000 0 0 8 8 0 0.13 1024.00
