2.500000 71.09 28 571 77.56 1.00 78267 1101 220.20 
7.500000 75.78 40 412 61.97 0.98 56308 743 148.60 
12.500000 131.68 28 1500 187.33 0.95 45957 349 69.80 
17.500000 139.71 40 1500 240.35 0.59 133558 956 191.20 
22.500000 367.43 28 1538 532.80 0.22 515510 1403 280.60 
27.500000 581.58 28 1500 658.97 0.19 928197 1596 319.20 
32.500000 354.96 28 1500 540.04 0.20 294973 831 166.20 
37.500000 357.48 40 1500 553.20 0.21 257028 719 143.80 
42.500000 218.32 28 1500 416.79 0.21 227055 1040 208.00 
47.500000 153.61 40 1522 339.86 0.22 256377 1669 333.80 
52.500000 436.56 40 1500 597.17 0.22 234435 537 107.40 
57.500000 156.12 28 1500 283.18 0.21 66976 429 85.80 
62.500000 105.21 40 346 61.27 0.19 33140 315 63.00 
67.500000 122.62 28 1500 147.65 0.18 58000 473 94.60 
72.500000 154.42 40 1500 189.52 0.18 80455 521 104.20 
77.500000 130.17 40 1500 154.27 0.17 58708 451 90.20 
82.500000 92.92 28 571 91.51 0.16 56124 604 120.80 
87.500000 62.58 28 1173 51.55 0.15 77601 1240 248.00 
92.500000 477.55 40 1588 616.69 0.18 480893 1007 201.40 
97.500000 577.80 40 1500 649.51 0.21 548909 950 190.00 
102.500000 263.58 40 1500 409.99 0.22 276227 1048 209.60 
107.500000 313.29 40 1500 411.31 0.24 403202 1287 257.40 
112.500000 229.40 40 1500 404.61 0.23 177099 772 154.40 
117.500000 293.42 40 1536 432.29 0.25 362664 1236 247.20 
122.500000 234.61 40 1500 395.64 0.24 103699 442 88.40 
127.500000 167.07 40 1500 287.99 0.22 88547 530 106.00 
132.500000 233.18 40 1373 366.30 0.22 142006 609 121.80 
137.500000 190.49 40 1500 373.24 0.22 199253 1046 209.20 
142.500000 334.07 40 1592 524.23 0.26 641422 1920 384.00 
147.500000 341.81 40 1500 469.46 0.27 401974 1176 235.20 
152.500000 270.53 40 1500 319.61 0.27 208036 769 153.80 
157.500000 308.11 40 1500 450.19 0.27 291470 946 189.20 
162.500000 456.57 40 1500 582.55 0.29 453372 993 198.60 
167.500000 389.88 40 1544 537.64 0.28 224180 575 115.00 
172.500000 468.26 40 1544 609.39 0.28 259885 555 111.00 
177.500000 531.48 40 1544 648.37 0.31 546894 1029 205.80 
182.500000 368.83 28 1500 547.89 0.31 307977 835 167.00 
187.500000 216.42 28 1544 432.77 0.32 401242 1854 370.80 
192.500000 263.03 40 1500 468.68 0.31 219891 836 167.20 
197.500000 159.84 28 1500 317.97 0.30 91751 574 114.80 
202.500000 484.66 40 1500 626.13 0.30 336353 694 138.80 
207.500000 477.88 40 1544 593.23 0.33 556252 1164 232.80 
212.500000 528.67 40 1500 636.70 0.34 426640 807 161.40 
217.500000 528.58 40 1544 643.28 0.37 715175 1353 270.60 
222.500000 733.59 40 1544 694.03 0.33 1285252 1752 350.40 
227.500000 814.07 40 1500 695.46 0.32 1619190 1989 397.80 
232.500000 586.66 40 1500 670.39 0.36 1277150 2177 435.40 
237.500000 469.26 40 1500 620.92 0.35 503514 1073 214.60 
242.500000 579.99 40 1544 665.45 0.36 729632 1258 251.60 
247.500000 646.66 40 1544 679.89 0.37 843887 1305 261.00 
252.500000 692.75 40 1500 682.76 0.40 1154813 1667 333.40 
257.500000 915.21 28 1544 689.00 0.34 2287105 2499 499.80 
262.500000 287.50 40 1500 518.24 0.33 518354 1803 360.60 
267.500000 339.72 28 1544 533.64 0.31 228972 674 134.80 
272.500000 544.09 28 1500 644.34 0.30 334071 614 122.80 
277.500000 1035.16 40 1544 671.99 0.11 23052948 22270 4454.00 
282.500000 1083.68 40 1556 651.83 0.18 22686914 20935 4187.00 
