2.500000 117.50 40 1061 123.20 1.00 21033 179 35.80 
7.500000 251.10 40 1500 424.30 0.26 104961 418 83.60 
12.500000 324.49 40 1500 498.23 0.32 104486 322 64.40 
17.500000 521.04 40 1500 616.34 0.22 227694 437 87.40 
22.500000 370.95 40 1571 517.53 0.24 286373 772 154.40 
27.500000 220.47 40 1500 348.76 0.24 80912 367 73.40 
32.500000 292.74 40 1500 475.75 0.23 43033 147 29.40 
37.500000 322.31 40 1500 479.96 0.26 168567 523 104.60 
42.500000 494.83 40 1572 615.73 0.24 445351 900 180.00 
47.500000 461.10 40 1549 592.66 0.25 194583 422 84.40 
52.500000 405.91 40 1500 567.24 0.28 266681 657 131.40 
57.500000 392.74 40 1500 531.54 0.27 75014 191 38.20 
62.500000 149.59 40 1403 188.80 0.25 16455 110 22.00 
67.500000 179.18 40 1205 202.96 0.24 22218 124 24.80 
72.500000 73.88 40 241 50.41 0.22 9235 125 25.00 
77.500000 122.25 40 647 104.02 0.20 9169 75 15.00 
82.500000 87.32 40 493 71.50 0.19 9867 113 22.60 
87.500000 207.71 40 1500 317.98 0.18 25341 122 24.40 
92.500000 335.82 40 1500 529.92 0.17 59440 177 35.40 
97.500000 248.18 40 1500 413.19 0.18 81900 330 66.00 
102.500000 224.01 40 1500 405.57 0.17 38082 170 34.00 
107.500000 465.28 40 1500 601.52 0.20 240085 516 103.20 
112.500000 194.92 40 1500 344.07 0.19 32747 168 33.60 
117.500000 314.56 40 1500 461.00 0.19 91536 291 58.20 
122.500000 225.36 40 1500 393.61 0.19 66933 297 59.40 
127.500000 193.96 40 1500 330.37 0.18 47520 245 49.00 
132.500000 85.73 40 161 48.44 0.17 8487 99 19.80 
137.500000 97.97 40 457 63.32 0.16 9111 93 18.60 
142.500000 81.66 40 161 48.90 0.14 8493 104 20.80 
147.500000 152.19 28 1343 182.65 0.14 29981 197 39.40 
152.500000 156.16 40 568 167.31 0.13 36229 232 46.40 
157.500000 136.64 28 1500 280.49 0.13 30608 224 44.80 
162.500000 79.80 40 775 80.20 0.12 15481 194 38.80 
167.500000 68.32 40 675 53.85 0.12 24458 358 71.60 
172.500000 84.66 40 299 54.67 0.11 8889 105 21.00 
177.500000 91.95 40 328 52.04 0.10 9195 100 20.00 
182.500000 81.08 40 269 54.57 0.09 7784 96 19.20 
