2.500000 94.67 52 606 99.19 1.00 6816 72 14.40 
7.500000 0.00 0 0 0.00 0.92 0 0 0.00 
12.500000 0.00 0 0 0.00 0.85 0 0 0.00 
17.500000 0.00 0 0 0.00 0.78 0 0 0.00 
22.500000 0.00 0 0 0.00 0.72 0 0 0.00 
27.500000 0.00 0 0 0.00 0.66 0 0 0.00 
32.500000 0.00 0 0 0.00 0.61 0 0 0.00 
37.500000 47.00 33 61 14.00 0.56 94 2 0.40 
42.500000 0.00 0 0 0.00 0.51 0 0 0.00 
47.500000 0.00 0 0 0.00 0.47 0 0 0.00 
52.500000 0.00 0 0 0.00 0.44 0 0 0.00 
57.500000 0.00 0 0 0.00 0.40 0 0 0.00 
62.500000 0.00 0 0 0.00 0.37 0 0 0.00 
67.500000 98.60 52 372 91.34 0.36 1479 15 3.00 
72.500000 0.00 0 0 0.00 0.33 0 0 0.00 
77.500000 0.00 0 0 0.00 0.30 0 0 0.00 
82.500000 0.00 0 0 0.00 0.28 0 0 0.00 
87.500000 0.00 0 0 0.00 0.26 0 0 0.00 
92.500000 0.00 0 0 0.00 0.24 0 0 0.00 
97.500000 0.00 0 0 0.00 0.22 0 0 0.00 
102.500000 0.00 0 0 0.00 0.20 0 0 0.00 
107.500000 71.47 52 194 33.51 0.20 1215 17 3.40 
112.500000 0.00 0 0 0.00 0.18 0 0 0.00 
117.500000 0.00 0 0 0.00 0.17 0 0 0.00 
122.500000 0.00 0 0 0.00 0.15 0 0 0.00 
127.500000 0.00 0 0 0.00 0.14 0 0 0.00 
132.500000 0.00 0 0 0.00 0.13 0 0 0.00 
137.500000 0.00 0 0 0.00 0.12 0 0 0.00 
142.500000 0.00 0 0 0.00 0.11 0 0 0.00 
147.500000 0.00 0 0 0.00 0.10 0 0 0.00 
152.500000 0.00 0 0 0.00 0.09 0 0 0.00 
157.500000 0.00 0 0 0.00 0.09 0 0 0.00 
162.500000 0.00 0 0 0.00 0.08 0 0 0.00 
167.500000 0.00 0 0 0.00 0.07 0 0 0.00 
172.500000 0.00 0 0 0.00 0.07 0 0 0.00 
177.500000 0.00 0 0 0.00 0.06 0 0 0.00 
182.500000 89.01 52 606 92.57 0.13 7388 83 16.60 
187.500000 122.69 52 606 155.20 0.14 1963 16 3.20 
192.500000 0.00 0 0 0.00 0.13 0 0 0.00 
197.500000 0.00 0 0 0.00 0.12 0 0 0.00 
202.500000 0.00 0 0 0.00 0.11 0 0 0.00 
207.500000 0.00 0 0 0.00 0.10 0 0 0.00 
212.500000 0.00 0 0 0.00 0.09 0 0 0.00 
217.500000 118.53 52 606 151.48 0.11 2015 17 3.40 
222.500000 0.00 0 0 0.00 0.10 0 0 0.00 
227.500000 0.00 0 0 0.00 0.09 0 0 0.00 
232.500000 0.00 0 0 0.00 0.08 0 0 0.00 
237.500000 71.47 52 194 33.51 0.09 1215 17 3.40 
242.500000 0.00 0 0 0.00 0.08 0 0 0.00 
247.500000 0.00 0 0 0.00 0.08 0 0 0.00 
252.500000 0.00 0 0 0.00 0.07 0 0 0.00 
257.500000 0.00 0 0 0.00 0.07 0 0 0.00 
262.500000 0.00 0 0 0.00 0.06 0 0 0.00 
267.500000 0.00 0 0 0.00 0.06 0 0 0.00 
272.500000 0.00 0 0 0.00 0.05 0 0 0.00 
277.500000 0.00 0 0 0.00 0.05 0 0 0.00 
282.500000 0.00 0 0 0.00 0.04 0 0 0.00 
287.500000 0.00 0 0 0.00 0.04 0 0 0.00 
292.500000 33.67 33 35 0.94 0.04 101 3 0.60 
297.500000 0.00 0 0 0.00 0.03 0 0 0.00 
302.500000 98.60 52 372 91.34 0.05 1479 15 3.00 
307.500000 105.81 52 606 117.12 0.10 4973 47 9.40 
312.500000 0.00 0 0 0.00 0.09 0 0 0.00 
317.500000 0.00 0 0 0.00 0.08 0 0 0.00 
322.500000 32.78 29 38 2.44 0.08 295 9 1.80 
327.500000 29.76 28 33 1.07 0.08 744 25 5.00 
332.500000 29.64 29 31 0.61 0.08 415 14 2.80 
337.500000 0.00 0 0 0.00 0.07 0 0 0.00 
342.500000 33.00 33 33 0.00 0.07 132 4 0.80 
347.500000 34.00 34 34 0.00 0.06 34 1 0.20 
352.500000 0.00 0 0 0.00 0.06 0 0 0.00 
357.500000 0.00 0 0 0.00 0.05 0 0 0.00 
362.500000 0.00 0 0 0.00 0.05 0 0 0.00 
367.500000 0.00 0 0 0.00 0.05 0 0 0.00 
372.500000 0.00 0 0 0.00 0.04 0 0 0.00 
377.500000 0.00 0 0 0.00 0.04 0 0 0.00 
382.500000 0.00 0 0 0.00 0.04 0 0 0.00 
387.500000 0.00 0 0 0.00 0.03 0 0 0.00 
392.500000 0.00 0 0 0.00 0.03 0 0 0.00 
397.500000 0.00 0 0 0.00 0.03 0 0 0.00 
402.500000 0.00 0 0 0.00 0.03 0 0 0.00 
407.500000 0.00 0 0 0.00 0.02 0 0 0.00 
412.500000 0.00 0 0 0.00 0.02 0 0 0.00 
417.500000 30.80 30 31 0.40 0.02 154 5 1.00 
422.500000 40.29 31 52 10.15 0.02 282 7 1.40 
