71.09 28 571 
75.78 40 412 
131.68 28 1500 
139.71 40 1500 
367.43 28 1538 
581.58 28 1500 
354.96 28 1500 
357.48 40 1500 
218.32 28 1500 
153.61 40 1522 
436.56 40 1500 
156.12 28 1500 
105.21 40 346 
122.62 28 1500 
154.42 40 1500 
130.17 40 1500 
92.92 28 571 
62.58 28 1173 
477.55 40 1588 
577.80 40 1500 
263.58 40 1500 
313.29 40 1500 
229.40 40 1500 
293.42 40 1536 
234.61 40 1500 
167.07 40 1500 
233.18 40 1373 
190.49 40 1500 
334.07 40 1592 
341.81 40 1500 
270.53 40 1500 
308.11 40 1500 
456.57 40 1500 
389.88 40 1544 
468.26 40 1544 
531.48 40 1544 
368.83 28 1500 
216.42 28 1544 
263.03 40 1500 
159.84 28 1500 
484.66 40 1500 
477.88 40 1544 
528.67 40 1500 
528.58 40 1544 
733.59 40 1544 
814.07 40 1500 
586.66 40 1500 
469.26 40 1500 
579.99 40 1544 
646.66 40 1544 
692.75 40 1500 
915.21 28 1544 
287.50 40 1500 
339.72 28 1544 
544.09 28 1500 
1035.16 40 1544 
1083.68 40 1556 
