94.67 52 606 
0.00 0 0 
0.00 0 0 
0.00 0 0 
0.00 0 0 
0.00 0 0 
0.00 0 0 
47.00 33 61 
0.00 0 0 
0.00 0 0 
0.00 0 0 
0.00 0 0 
0.00 0 0 
98.60 52 372 
0.00 0 0 
0.00 0 0 
0.00 0 0 
0.00 0 0 
0.00 0 0 
0.00 0 0 
0.00 0 0 
71.47 52 194 
0.00 0 0 
0.00 0 0 
0.00 0 0 
0.00 0 0 
0.00 0 0 
0.00 0 0 
0.00 0 0 
0.00 0 0 
0.00 0 0 
0.00 0 0 
0.00 0 0 
0.00 0 0 
0.00 0 0 
0.00 0 0 
89.01 52 606 
122.69 52 606 
0.00 0 0 
0.00 0 0 
0.00 0 0 
0.00 0 0 
0.00 0 0 
118.53 52 606 
0.00 0 0 
0.00 0 0 
0.00 0 0 
71.47 52 194 
0.00 0 0 
0.00 0 0 
0.00 0 0 
0.00 0 0 
0.00 0 0 
0.00 0 0 
0.00 0 0 
0.00 0 0 
0.00 0 0 
0.00 0 0 
33.67 33 35 
0.00 0 0 
98.60 52 372 
105.81 52 606 
0.00 0 0 
0.00 0 0 
32.78 29 38 
29.76 28 33 
29.64 29 31 
0.00 0 0 
33.00 33 33 
34.00 34 34 
0.00 0 0 
0.00 0 0 
0.00 0 0 
0.00 0 0 
0.00 0 0 
0.00 0 0 
0.00 0 0 
0.00 0 0 
0.00 0 0 
0.00 0 0 
0.00 0 0 
0.00 0 0 
0.00 0 0 
30.80 30 31 
40.29 31 52 
