117.50 40 1061 
251.10 40 1500 
324.49 40 1500 
521.04 40 1500 
370.95 40 1571 
220.47 40 1500 
292.74 40 1500 
322.31 40 1500 
494.83 40 1572 
461.10 40 1549 
405.91 40 1500 
392.74 40 1500 
149.59 40 1403 
179.18 40 1205 
73.88 40 241 
122.25 40 647 
87.32 40 493 
207.71 40 1500 
335.82 40 1500 
248.18 40 1500 
224.01 40 1500 
465.28 40 1500 
194.92 40 1500 
314.56 40 1500 
225.36 40 1500 
193.96 40 1500 
85.73 40 161 
97.97 40 457 
81.66 40 161 
152.19 28 1343 
156.16 40 568 
136.64 28 1500 
79.80 40 775 
68.32 40 675 
84.66 40 299 
91.95 40 328 
81.08 40 269 
